<?xml version="1.0" encoding="UTF-8"?>
<!-- Generated by org.testng.reporters.JUnitXMLReporter -->
<testsuite hostname="LAPTOP-SHCSQ2DI" name="Test-FullRegression-CA" tests="1" failures="0" timestamp="31 Jan 2022 12:00:01 GMT" time="339.024" errors="0">
  <testcase name="createGuestOrder" time="313.749" classname="framework.test.GuestOrder_PartyLite_AT_Smoke_TC11"/>
</testsuite> <!-- Test-FullRegression-CA -->
