<?xml version="1.0" encoding="UTF-8"?>
<!-- Generated by org.testng.reporters.JUnitXMLReporter -->
<testsuite hostname="Shashwat" ignored="0" name="Test-Online_Enrollment-US_TC-3" tests="18" failures="5" timestamp="2021-09-20T17:34:18 IST" time="774.472" errors="0">
  <testcase name="loggedInCustomerOrder" time="79.407" classname="framework.test.LoggedInCustomerOrder_PartyLite">
    <skipped/>
  </testcase> <!-- loggedInCustomerOrder -->
  <testcase name="loggedInCustomerOrder" time="79.636" classname="framework.test.LoggedInCustomerOrder_PartyLite">
    <skipped/>
  </testcase> <!-- loggedInCustomerOrder -->
  <testcase name="createGuestOrder" time="204.807" classname="framework.test.OnlineEnrollment_CA_PartyLite">
    <skipped/>
  </testcase> <!-- createGuestOrder -->
  <testcase name="createGuestOrder" time="209.066" classname="framework.test.GuestOrderViaCategory_PartyLite">
    <skipped/>
  </testcase> <!-- createGuestOrder -->
  <testcase name="createGuestOrder" time="215.044" classname="framework.test.OnlineEnrollment_CA_PartyLite">
    <skipped/>
  </testcase> <!-- createGuestOrder -->
  <testcase name="createGuestOrder" time="226.349" classname="framework.test.OnlineEnrollment_US_PartyLite">
    <skipped/>
  </testcase> <!-- createGuestOrder -->
  <testcase name="createGuestOrder" time="228.819" classname="framework.test.OnlineEnrollment_US_PartyLite">
    <skipped/>
  </testcase> <!-- createGuestOrder -->
  <testcase name="createGuestOrder" time="276.295" classname="framework.test.GuestOrder_PartyLite">
    <skipped/>
  </testcase> <!-- createGuestOrder -->
  <testcase name="createGuestOrder" time="104.078" classname="framework.test.OnlineEnrollment_CA_PartyLite">
    <skipped/>
  </testcase> <!-- createGuestOrder -->
  <testcase name="createGuestOrder" time="214.896" classname="framework.test.OnlineEnrollment_CA_PartyLite">
    <skipped/>
  </testcase> <!-- createGuestOrder -->
  <testcase name="createGuestOrder" time="213.618" classname="framework.test.GuestOrderViaCategory_PartyLite">
    <skipped/>
  </testcase> <!-- createGuestOrder -->
  <testcase name="createGuestOrder" time="232.851" classname="framework.test.OnlineEnrollment_US_PartyLite">
    <skipped/>
  </testcase> <!-- createGuestOrder -->
  <testcase name="createGuestOrder" time="241.07" classname="framework.test.OnlineEnrollment_US_PartyLite">
    <skipped/>
  </testcase> <!-- createGuestOrder -->
  <testcase name="createGuestOrder" time="209.17" classname="framework.test.OnlineEnrollment_CA_PartyLite">
    <failure type="java.lang.RuntimeException">
      <![CDATA[java.lang.RuntimeException
at framework.utils.Reports.reportStep(Reports.java:72)
at framework.utils.Reports.reportStep(Reports.java:82)
at framework.test.OnlineEnrollment_CA_PartyLite.createGuestOrder(OnlineEnrollment_CA_PartyLite.java:105)
at java.util.ArrayList.forEach(Unknown Source)
at java.util.concurrent.FutureTask.run(Unknown Source)
at java.util.concurrent.ThreadPoolExecutor.runWorker(Unknown Source)
at java.util.concurrent.ThreadPoolExecutor$Worker.run(Unknown Source)
at java.lang.Thread.run(Unknown Source)
... Removed 18 stack frames]]>
    </failure>
  </testcase> <!-- createGuestOrder -->
  <testcase name="createGuestOrder" time="149.826" classname="framework.test.OnlineEnrollment_US_PartyLite">
    <failure type="java.lang.RuntimeException">
      <![CDATA[java.lang.RuntimeException
at framework.utils.Reports.reportStep(Reports.java:72)
at framework.utils.Reports.reportStep(Reports.java:82)
at framework.test.OnlineEnrollment_US_PartyLite.createGuestOrder(OnlineEnrollment_US_PartyLite.java:108)
at java.util.ArrayList.forEach(Unknown Source)
at java.util.concurrent.FutureTask.run(Unknown Source)
at java.util.concurrent.ThreadPoolExecutor.runWorker(Unknown Source)
at java.util.concurrent.ThreadPoolExecutor$Worker.run(Unknown Source)
at java.lang.Thread.run(Unknown Source)
... Removed 18 stack frames]]>
    </failure>
  </testcase> <!-- createGuestOrder -->
  <testcase name="createGuestOrder" time="208.579" classname="framework.test.GuestOrderViaCategory_PartyLite">
    <failure type="java.lang.RuntimeException">
      <![CDATA[java.lang.RuntimeException
at framework.utils.Reports.reportStep(Reports.java:72)
at framework.utils.Reports.reportStep(Reports.java:82)
at framework.test.GuestOrderViaCategory_PartyLite.createGuestOrder(GuestOrderViaCategory_PartyLite.java:95)
at java.util.ArrayList.forEach(Unknown Source)
at java.util.concurrent.FutureTask.run(Unknown Source)
at java.util.concurrent.ThreadPoolExecutor.runWorker(Unknown Source)
at java.util.concurrent.ThreadPoolExecutor$Worker.run(Unknown Source)
at java.lang.Thread.run(Unknown Source)
... Removed 18 stack frames]]>
    </failure>
  </testcase> <!-- createGuestOrder -->
  <testcase name="createGuestOrder" time="256.615" classname="framework.test.OnlineEnrollment_CA_PartyLite">
    <failure type="java.lang.RuntimeException">
      <![CDATA[java.lang.RuntimeException
at framework.utils.Reports.reportStep(Reports.java:72)
at framework.utils.Reports.reportStep(Reports.java:82)
at framework.test.OnlineEnrollment_CA_PartyLite.createGuestOrder(OnlineEnrollment_CA_PartyLite.java:105)
at java.util.ArrayList.forEach(Unknown Source)
at java.util.concurrent.FutureTask.run(Unknown Source)
at java.util.concurrent.ThreadPoolExecutor.runWorker(Unknown Source)
at java.util.concurrent.ThreadPoolExecutor$Worker.run(Unknown Source)
at java.lang.Thread.run(Unknown Source)
... Removed 18 stack frames]]>
    </failure>
  </testcase> <!-- createGuestOrder -->
  <testcase name="createGuestOrder" time="260.862" classname="framework.test.OnlineEnrollment_US_PartyLite">
    <failure type="java.lang.RuntimeException">
      <![CDATA[java.lang.RuntimeException
at framework.utils.Reports.reportStep(Reports.java:72)
at framework.utils.Reports.reportStep(Reports.java:82)
at framework.test.OnlineEnrollment_US_PartyLite.createGuestOrder(OnlineEnrollment_US_PartyLite.java:108)
at java.util.ArrayList.forEach(Unknown Source)
at java.util.concurrent.FutureTask.run(Unknown Source)
at java.util.concurrent.ThreadPoolExecutor.runWorker(Unknown Source)
at java.util.concurrent.ThreadPoolExecutor$Worker.run(Unknown Source)
at java.lang.Thread.run(Unknown Source)
... Removed 18 stack frames]]>
    </failure>
  </testcase> <!-- createGuestOrder -->
</testsuite> <!-- Test-Online_Enrollment-US_TC-3 -->
