<?xml version="1.0" encoding="UTF-8"?>
<!-- Generated by org.testng.reporters.JUnitXMLReporter -->
<testsuite hostname="LAPTOP-SHCSQ2DI" name="Test-FullRegression" tests="1" failures="0" timestamp="17 Jan 2022 09:18:32 GMT" time="281.234" errors="0">
  <testcase name="createGuestOrder" time="252.043" classname="framework.test.GuestOrder_PartyLite_AU_Smoke_TC6"/>
</testsuite> <!-- Test-FullRegression -->
