<?xml version="1.0" encoding="UTF-8"?>
<!-- Generated by org.testng.reporters.JUnitXMLReporter -->
<testsuite hostname="Anands-Air" ignored="66" name="Test-FullRegression" tests="38" failures="4" timestamp="2019-12-23T19:33:41 IST" time="1351.276" errors="0">
  <testcase name="createPartyContacts" time="191.499" classname="framework.test.ConsultantContacts_PartyLite">
    <skipped/>
  </testcase> <!-- createPartyContacts -->
  <testcase name="classicPartyPrevHost_NewAddress" time="194.965" classname="framework.test.ClassicPartyPrevHost_NewAddress_PartyLite">
    <skipped/>
  </testcase> <!-- classicPartyPrevHost_NewAddress -->
  <testcase name="classicConsAsHost_NewAddress" time="192.383" classname="framework.test.ClassicPartyConsAsHost_NewAddress_PartyLite">
    <skipped/>
  </testcase> <!-- classicConsAsHost_NewAddress -->
  <testcase name="facebookPartyPrevHost_NewAddress" time="198.309" classname="framework.test.FacebookPartyPrevHost_NewAddress_PartyLite">
    <skipped/>
  </testcase> <!-- facebookPartyPrevHost_NewAddress -->
  <testcase name="facebookPartyNewHost" time="189.281" classname="framework.test.FacebookPartyNewHost_PartyLite">
    <skipped/>
  </testcase> <!-- facebookPartyNewHost -->
  <testcase name="createPartyContacts" time="194.196" classname="framework.test.CreatePartyContacts_PartyLite">
    <skipped/>
  </testcase> <!-- createPartyContacts -->
  <testcase name="classicConsAsHost_HostAddress" time="193.997" classname="framework.test.ClassicPartyConsAsHost_HostAddress_PartyLite">
    <skipped/>
  </testcase> <!-- classicConsAsHost_HostAddress -->
  <testcase name="facebookPartyConsAsHost_HostAddress" time="193.527" classname="framework.test.FacebookPartyConsAsHost_HostAddress_PartyLite">
    <skipped/>
  </testcase> <!-- facebookPartyConsAsHost_HostAddress -->
  <testcase name="classicPartyNewHost" time="193.958" classname="framework.test.ClassicPartyNewHost_PartyLite">
    <skipped/>
  </testcase> <!-- classicPartyNewHost -->
  <testcase name="facebookPartyConsAsHost_NewAddress" time="219.089" classname="framework.test.FacebookPartyConsAsHost_NewAddress_PartyLite">
    <skipped/>
  </testcase> <!-- facebookPartyConsAsHost_NewAddress -->
  <testcase name="childParty" time="234.51" classname="framework.test.ClassicChildParty_PartyLite">
    <skipped/>
  </testcase> <!-- childParty -->
  <testcase name="facebookPartyConsAsHost_PrevAddress" time="311.156" classname="framework.test.FacebookPartyConsAsHost_PrevAddress_PartyLite">
    <skipped/>
  </testcase> <!-- facebookPartyConsAsHost_PrevAddress -->
  <testcase name="classicConsAsHost_HostAddress" time="137.425" classname="framework.test.ClassicPartyConsAsHost_HostAddress_PartyLite"/>
  <testcase name="classicConsAsHost_NewAddress" time="170.553" classname="framework.test.ClassicPartyConsAsHost_NewAddress_PartyLite"/>
  <testcase name="facebookPartyNewHost" time="169.819" classname="framework.test.FacebookPartyNewHost_PartyLite"/>
  <testcase name="classicPartyPrevHost_NewAddress" time="177.928" classname="framework.test.ClassicPartyPrevHost_NewAddress_PartyLite"/>
  <testcase name="facebookPartyConsAsHost_HostAddress" time="140.736" classname="framework.test.FacebookPartyConsAsHost_HostAddress_PartyLite"/>
  <testcase name="facebookPartyConsAsHost_NewAddress" time="150.129" classname="framework.test.FacebookPartyConsAsHost_NewAddress_PartyLite"/>
  <testcase name="classicPartyNewHost" time="170.458" classname="framework.test.ClassicPartyNewHost_PartyLite"/>
  <testcase name="facebookPartyPrevHost_NewAddress" time="204.962" classname="framework.test.FacebookPartyPrevHost_NewAddress_PartyLite"/>
  <testcase name="createPartyContacts" time="181.164" classname="framework.test.CreatePartyContacts_PartyLite"/>
  <testcase name="createPartyContacts" time="233.857" classname="framework.test.ConsultantContacts_PartyLite"/>
  <testcase name="facebookPartyConsAsHost_PrevAddress" time="219.52" classname="framework.test.FacebookPartyConsAsHost_PrevAddress_PartyLite">
    <failure type="java.lang.RuntimeException">
      <![CDATA[java.lang.RuntimeException
at framework.utils.Reports.reportStep(Reports.java:71)
at framework.utils.Reports.reportStep(Reports.java:81)
at framework.core.ImplClass_SAF_V_0_2.click(ImplClass_SAF_V_0_2.java:88)
at framework.pages.PartyCreationPage.selectExperianAddress(PartyCreationPage.java:551)
at framework.test.FacebookPartyConsAsHost_PrevAddress_PartyLite.facebookPartyConsAsHost_PrevAddress(FacebookPartyConsAsHost_PrevAddress_PartyLite.java:68)
at java.util.concurrent.ThreadPoolExecutor.runWorker(ThreadPoolExecutor.java:1149)
at java.util.concurrent.ThreadPoolExecutor$Worker.run(ThreadPoolExecutor.java:624)
at java.lang.Thread.run(Thread.java:748)
... Removed 12 stack frames]]>
    </failure>
  </testcase> <!-- facebookPartyConsAsHost_PrevAddress -->
  <testcase name="classicConsAsHost_PreviousAddress" time="204.917" classname="framework.test.ClassicPartyConsAsHost_PreviousAddress_PartyLite">
    <skipped/>
  </testcase> <!-- classicConsAsHost_PreviousAddress -->
  <testcase name="classicPartyPrevHost_HostAddress" time="207.085" classname="framework.test.ClassicPartyPrevHost_HostAddress_PartyLite"/>
  <testcase name="childParty" time="375.134" classname="framework.test.ClassicChildParty_PartyLite"/>
  <testcase name="facebookPartyPrevHost_HostAddress" time="205.07" classname="framework.test.FacebookPartyPrevHost_HostAddress_PartyLite"/>
  <testcase name="classicPartyPrevHost_PreviousAddress" time="217.031" classname="framework.test.ClassicPartyPrevHost_PreviousAddress_PartyLite"/>
  <testcase name="createGuestOrder" time="231.048" classname="framework.test.GuestOrderUsing_PickupPoint_PartyLite">
    <skipped/>
  </testcase> <!-- createGuestOrder -->
  <testcase name="facebookPartyPrevHost_HostAddress" time="247.766" classname="framework.test.FacebookPartyPrevHost_PrevAddress_PartyLite">
    <skipped/>
  </testcase> <!-- facebookPartyPrevHost_HostAddress -->
  <testcase name="createGuestOrder" time="356.737" classname="framework.test.GuestOrder_PartyLite"/>
  <testcase name="loggedInCustomerOrder" time="375.967" classname="framework.test.LoggedInCustomerOrder_PartyLite"/>
  <testcase name="classicConsAsHost_PreviousAddress" time="180.926" classname="framework.test.ClassicPartyConsAsHost_PreviousAddress_PartyLite">
    <failure type="java.lang.RuntimeException">
      <![CDATA[java.lang.RuntimeException
at framework.utils.Reports.reportStep(Reports.java:71)
at framework.utils.Reports.reportStep(Reports.java:81)
at framework.core.ImplClass_SAF_V_0_2.click(ImplClass_SAF_V_0_2.java:88)
at framework.pages.PartyCreationPage.selectExperianAddress(PartyCreationPage.java:551)
at framework.test.ClassicPartyConsAsHost_PreviousAddress_PartyLite.classicConsAsHost_PreviousAddress(ClassicPartyConsAsHost_PreviousAddress_PartyLite.java:70)
at java.util.concurrent.ThreadPoolExecutor.runWorker(ThreadPoolExecutor.java:1149)
at java.util.concurrent.ThreadPoolExecutor$Worker.run(ThreadPoolExecutor.java:624)
at java.lang.Thread.run(Thread.java:748)
... Removed 12 stack frames]]>
    </failure>
  </testcase> <!-- classicConsAsHost_PreviousAddress -->
  <testcase name="createGuestOrder" time="154.51" classname="framework.test.GuestOrderUsing_PickupPoint_PartyLite">
    <failure type="java.lang.RuntimeException">
      <![CDATA[java.lang.RuntimeException
at framework.utils.Reports.reportStep(Reports.java:71)
at framework.utils.Reports.reportStep(Reports.java:81)
at framework.test.GuestOrderUsing_PickupPoint_PartyLite.createGuestOrder(GuestOrderUsing_PickupPoint_PartyLite.java:95)
at java.util.concurrent.ThreadPoolExecutor.runWorker(ThreadPoolExecutor.java:1149)
at java.util.concurrent.ThreadPoolExecutor$Worker.run(ThreadPoolExecutor.java:624)
at java.lang.Thread.run(Thread.java:748)
... Removed 12 stack frames]]>
    </failure>
  </testcase> <!-- createGuestOrder -->
  <testcase name="facebookPartyPrevHost_HostAddress" time="163.561" classname="framework.test.FacebookPartyPrevHost_PrevAddress_PartyLite">
    <failure type="java.lang.RuntimeException">
      <![CDATA[java.lang.RuntimeException
at framework.utils.Reports.reportStep(Reports.java:71)
at framework.utils.Reports.reportStep(Reports.java:81)
at framework.core.ImplClass_SAF_V_0_2.click(ImplClass_SAF_V_0_2.java:88)
at framework.pages.PartyCreationPage.selectExperianAddress(PartyCreationPage.java:551)
at framework.test.FacebookPartyPrevHost_PrevAddress_PartyLite.facebookPartyPrevHost_HostAddress(FacebookPartyPrevHost_PrevAddress_PartyLite.java:70)
at java.util.concurrent.ThreadPoolExecutor.runWorker(ThreadPoolExecutor.java:1149)
at java.util.concurrent.ThreadPoolExecutor$Worker.run(ThreadPoolExecutor.java:624)
at java.lang.Thread.run(Thread.java:748)
... Removed 12 stack frames]]>
    </failure>
  </testcase> <!-- facebookPartyPrevHost_HostAddress -->
  <testcase name="createPartyOrder" time="745.212" classname="framework.test.CollectivePartyOrder_PartyLite"/>
  <testcase name="createPartyOrder" time="752.375" classname="framework.test.FYSPartyOrder_PartyLite"/>
  <testcase name="createPartyOrder" time="705.422" classname="framework.test.ClassicPartyOrder_PartyLite"/>
  <testcase name="@BeforeTest populatePropCountry" time="0.0" classname="framework.appInit.Class_initEcomPrac">
    <ignored/>
  </testcase> <!-- @BeforeTest populatePropCountry -->
  <testcase name="@BeforeTest populatePropCountry" time="0.0" classname="framework.appInit.Class_initEcomPrac">
    <ignored/>
  </testcase> <!-- @BeforeTest populatePropCountry -->
  <testcase name="@BeforeTest populatePropCountry" time="0.0" classname="framework.appInit.Class_initEcomPrac">
    <ignored/>
  </testcase> <!-- @BeforeTest populatePropCountry -->
  <testcase name="@BeforeTest populatePropCountry" time="0.0" classname="framework.appInit.Class_initEcomPrac">
    <ignored/>
  </testcase> <!-- @BeforeTest populatePropCountry -->
  <testcase name="@BeforeTest populatePropCountry" time="0.0" classname="framework.appInit.Class_initEcomPrac">
    <ignored/>
  </testcase> <!-- @BeforeTest populatePropCountry -->
  <testcase name="@BeforeTest populatePropCountry" time="0.0" classname="framework.appInit.Class_initEcomPrac">
    <ignored/>
  </testcase> <!-- @BeforeTest populatePropCountry -->
  <testcase name="@BeforeTest populatePropCountry" time="0.0" classname="framework.appInit.Class_initEcomPrac">
    <ignored/>
  </testcase> <!-- @BeforeTest populatePropCountry -->
  <testcase name="@BeforeTest populatePropCountry" time="0.0" classname="framework.appInit.Class_initEcomPrac">
    <ignored/>
  </testcase> <!-- @BeforeTest populatePropCountry -->
  <testcase name="@BeforeTest populatePropCountry" time="0.0" classname="framework.appInit.Class_initEcomPrac">
    <ignored/>
  </testcase> <!-- @BeforeTest populatePropCountry -->
  <testcase name="@BeforeTest populatePropCountry" time="0.0" classname="framework.appInit.Class_initEcomPrac">
    <ignored/>
  </testcase> <!-- @BeforeTest populatePropCountry -->
  <testcase name="@BeforeTest populatePropCountry" time="0.0" classname="framework.appInit.Class_initEcomPrac">
    <ignored/>
  </testcase> <!-- @BeforeTest populatePropCountry -->
  <testcase name="@BeforeTest populatePropCountry" time="0.0" classname="framework.appInit.Class_initEcomPrac">
    <ignored/>
  </testcase> <!-- @BeforeTest populatePropCountry -->
  <testcase name="@BeforeTest populatePropCountry" time="0.0" classname="framework.appInit.Class_initEcomPrac">
    <ignored/>
  </testcase> <!-- @BeforeTest populatePropCountry -->
  <testcase name="@BeforeTest populatePropCountry" time="0.0" classname="framework.appInit.Class_initEcomPrac">
    <ignored/>
  </testcase> <!-- @BeforeTest populatePropCountry -->
  <testcase name="@BeforeTest populatePropCountry" time="0.0" classname="framework.appInit.Class_initEcomPrac">
    <ignored/>
  </testcase> <!-- @BeforeTest populatePropCountry -->
  <testcase name="@BeforeTest populatePropCountry" time="0.0" classname="framework.appInit.Class_initEcomPrac">
    <ignored/>
  </testcase> <!-- @BeforeTest populatePropCountry -->
  <testcase name="@BeforeTest populatePropCountry" time="0.0" classname="framework.appInit.Class_initEcomPrac">
    <ignored/>
  </testcase> <!-- @BeforeTest populatePropCountry -->
  <testcase name="@BeforeTest populatePropCountry" time="0.0" classname="framework.appInit.Class_initEcomPrac">
    <ignored/>
  </testcase> <!-- @BeforeTest populatePropCountry -->
  <testcase name="@BeforeTest populatePropCountry" time="0.0" classname="framework.appInit.Class_initEcomPrac">
    <ignored/>
  </testcase> <!-- @BeforeTest populatePropCountry -->
  <testcase name="@BeforeTest populatePropCountry" time="0.0" classname="framework.appInit.Class_initEcomPrac">
    <ignored/>
  </testcase> <!-- @BeforeTest populatePropCountry -->
  <testcase name="@BeforeTest populatePropCountry" time="0.0" classname="framework.appInit.Class_initEcomPrac">
    <ignored/>
  </testcase> <!-- @BeforeTest populatePropCountry -->
  <testcase name="@BeforeTest populatePropCountry" time="0.0" classname="framework.appInit.Class_initEcomPrac">
    <ignored/>
  </testcase> <!-- @BeforeTest populatePropCountry -->
  <testcase name="@BeforeSuite beforeSuite" time="0.0" classname="framework.appInit.Class_initEcomPrac">
    <ignored/>
  </testcase> <!-- @BeforeSuite beforeSuite -->
  <testcase name="@BeforeSuite beforeSuite" time="0.0" classname="framework.appInit.Class_initEcomPrac">
    <ignored/>
  </testcase> <!-- @BeforeSuite beforeSuite -->
  <testcase name="@BeforeSuite beforeSuite" time="0.0" classname="framework.appInit.Class_initEcomPrac">
    <ignored/>
  </testcase> <!-- @BeforeSuite beforeSuite -->
  <testcase name="@BeforeSuite beforeSuite" time="0.0" classname="framework.appInit.Class_initEcomPrac">
    <ignored/>
  </testcase> <!-- @BeforeSuite beforeSuite -->
  <testcase name="@BeforeSuite beforeSuite" time="0.0" classname="framework.appInit.Class_initEcomPrac">
    <ignored/>
  </testcase> <!-- @BeforeSuite beforeSuite -->
  <testcase name="@BeforeSuite beforeSuite" time="0.0" classname="framework.appInit.Class_initEcomPrac">
    <ignored/>
  </testcase> <!-- @BeforeSuite beforeSuite -->
  <testcase name="@BeforeSuite beforeSuite" time="0.0" classname="framework.appInit.Class_initEcomPrac">
    <ignored/>
  </testcase> <!-- @BeforeSuite beforeSuite -->
  <testcase name="@BeforeSuite beforeSuite" time="0.0" classname="framework.appInit.Class_initEcomPrac">
    <ignored/>
  </testcase> <!-- @BeforeSuite beforeSuite -->
  <testcase name="@BeforeSuite beforeSuite" time="0.0" classname="framework.appInit.Class_initEcomPrac">
    <ignored/>
  </testcase> <!-- @BeforeSuite beforeSuite -->
  <testcase name="@BeforeSuite beforeSuite" time="0.0" classname="framework.appInit.Class_initEcomPrac">
    <ignored/>
  </testcase> <!-- @BeforeSuite beforeSuite -->
  <testcase name="@BeforeSuite beforeSuite" time="0.0" classname="framework.appInit.Class_initEcomPrac">
    <ignored/>
  </testcase> <!-- @BeforeSuite beforeSuite -->
  <testcase name="@BeforeSuite beforeSuite" time="0.0" classname="framework.appInit.Class_initEcomPrac">
    <ignored/>
  </testcase> <!-- @BeforeSuite beforeSuite -->
  <testcase name="@BeforeSuite beforeSuite" time="0.0" classname="framework.appInit.Class_initEcomPrac">
    <ignored/>
  </testcase> <!-- @BeforeSuite beforeSuite -->
  <testcase name="@BeforeSuite beforeSuite" time="0.0" classname="framework.appInit.Class_initEcomPrac">
    <ignored/>
  </testcase> <!-- @BeforeSuite beforeSuite -->
  <testcase name="@BeforeSuite beforeSuite" time="0.0" classname="framework.appInit.Class_initEcomPrac">
    <ignored/>
  </testcase> <!-- @BeforeSuite beforeSuite -->
  <testcase name="@BeforeSuite beforeSuite" time="0.0" classname="framework.appInit.Class_initEcomPrac">
    <ignored/>
  </testcase> <!-- @BeforeSuite beforeSuite -->
  <testcase name="@BeforeSuite beforeSuite" time="0.0" classname="framework.appInit.Class_initEcomPrac">
    <ignored/>
  </testcase> <!-- @BeforeSuite beforeSuite -->
  <testcase name="@BeforeSuite beforeSuite" time="0.0" classname="framework.appInit.Class_initEcomPrac">
    <ignored/>
  </testcase> <!-- @BeforeSuite beforeSuite -->
  <testcase name="@BeforeSuite beforeSuite" time="0.0" classname="framework.appInit.Class_initEcomPrac">
    <ignored/>
  </testcase> <!-- @BeforeSuite beforeSuite -->
  <testcase name="@BeforeSuite beforeSuite" time="0.0" classname="framework.appInit.Class_initEcomPrac">
    <ignored/>
  </testcase> <!-- @BeforeSuite beforeSuite -->
  <testcase name="@BeforeSuite beforeSuite" time="0.0" classname="framework.appInit.Class_initEcomPrac">
    <ignored/>
  </testcase> <!-- @BeforeSuite beforeSuite -->
  <testcase name="@BeforeSuite beforeSuite" time="0.0" classname="framework.appInit.Class_initEcomPrac">
    <ignored/>
  </testcase> <!-- @BeforeSuite beforeSuite -->
  <testcase name="@AfterSuite afterSuite" time="0.0" classname="framework.appInit.Class_initEcomPrac">
    <ignored/>
  </testcase> <!-- @AfterSuite afterSuite -->
  <testcase name="@AfterSuite afterSuite" time="0.0" classname="framework.appInit.Class_initEcomPrac">
    <ignored/>
  </testcase> <!-- @AfterSuite afterSuite -->
  <testcase name="@AfterSuite afterSuite" time="0.0" classname="framework.appInit.Class_initEcomPrac">
    <ignored/>
  </testcase> <!-- @AfterSuite afterSuite -->
  <testcase name="@AfterSuite afterSuite" time="0.0" classname="framework.appInit.Class_initEcomPrac">
    <ignored/>
  </testcase> <!-- @AfterSuite afterSuite -->
  <testcase name="@AfterSuite afterSuite" time="0.0" classname="framework.appInit.Class_initEcomPrac">
    <ignored/>
  </testcase> <!-- @AfterSuite afterSuite -->
  <testcase name="@AfterSuite afterSuite" time="0.0" classname="framework.appInit.Class_initEcomPrac">
    <ignored/>
  </testcase> <!-- @AfterSuite afterSuite -->
  <testcase name="@AfterSuite afterSuite" time="0.0" classname="framework.appInit.Class_initEcomPrac">
    <ignored/>
  </testcase> <!-- @AfterSuite afterSuite -->
  <testcase name="@AfterSuite afterSuite" time="0.0" classname="framework.appInit.Class_initEcomPrac">
    <ignored/>
  </testcase> <!-- @AfterSuite afterSuite -->
  <testcase name="@AfterSuite afterSuite" time="0.0" classname="framework.appInit.Class_initEcomPrac">
    <ignored/>
  </testcase> <!-- @AfterSuite afterSuite -->
  <testcase name="@AfterSuite afterSuite" time="0.0" classname="framework.appInit.Class_initEcomPrac">
    <ignored/>
  </testcase> <!-- @AfterSuite afterSuite -->
  <testcase name="@AfterSuite afterSuite" time="0.0" classname="framework.appInit.Class_initEcomPrac">
    <ignored/>
  </testcase> <!-- @AfterSuite afterSuite -->
  <testcase name="@AfterSuite afterSuite" time="0.0" classname="framework.appInit.Class_initEcomPrac">
    <ignored/>
  </testcase> <!-- @AfterSuite afterSuite -->
  <testcase name="@AfterSuite afterSuite" time="0.0" classname="framework.appInit.Class_initEcomPrac">
    <ignored/>
  </testcase> <!-- @AfterSuite afterSuite -->
  <testcase name="@AfterSuite afterSuite" time="0.0" classname="framework.appInit.Class_initEcomPrac">
    <ignored/>
  </testcase> <!-- @AfterSuite afterSuite -->
  <testcase name="@AfterSuite afterSuite" time="0.0" classname="framework.appInit.Class_initEcomPrac">
    <ignored/>
  </testcase> <!-- @AfterSuite afterSuite -->
  <testcase name="@AfterSuite afterSuite" time="0.0" classname="framework.appInit.Class_initEcomPrac">
    <ignored/>
  </testcase> <!-- @AfterSuite afterSuite -->
  <testcase name="@AfterSuite afterSuite" time="0.0" classname="framework.appInit.Class_initEcomPrac">
    <ignored/>
  </testcase> <!-- @AfterSuite afterSuite -->
  <testcase name="@AfterSuite afterSuite" time="0.0" classname="framework.appInit.Class_initEcomPrac">
    <ignored/>
  </testcase> <!-- @AfterSuite afterSuite -->
  <testcase name="@AfterSuite afterSuite" time="0.0" classname="framework.appInit.Class_initEcomPrac">
    <ignored/>
  </testcase> <!-- @AfterSuite afterSuite -->
  <testcase name="@AfterSuite afterSuite" time="0.0" classname="framework.appInit.Class_initEcomPrac">
    <ignored/>
  </testcase> <!-- @AfterSuite afterSuite -->
  <testcase name="@AfterSuite afterSuite" time="0.0" classname="framework.appInit.Class_initEcomPrac">
    <ignored/>
  </testcase> <!-- @AfterSuite afterSuite -->
  <testcase name="@AfterSuite afterSuite" time="0.0" classname="framework.appInit.Class_initEcomPrac">
    <ignored/>
  </testcase> <!-- @AfterSuite afterSuite -->
</testsuite> <!-- Test-FullRegression -->
