<?xml version="1.0" encoding="UTF-8"?>
<!-- Generated by org.testng.reporters.JUnitXMLReporter -->
<testsuite hostname="Anands-Air" ignored="0" name="Test-FullRegression-OutsideOrder-FR" tests="2" failures="1" timestamp="2020-03-12T15:37:58 IST" time="1574.379" errors="0">
  <testcase name="createPartyOrder" time="766.278" classname="framework.test.ClassicPartyOrder_CA_PartyLite">
    <skipped/>
  </testcase> <!-- createPartyOrder -->
  <testcase name="createPartyOrder" time="748.842" classname="framework.test.ClassicPartyOrder_CA_PartyLite">
    <failure type="java.lang.RuntimeException">
      <![CDATA[java.lang.RuntimeException
at framework.utils.Reports.reportStep(Reports.java:71)
at framework.utils.Reports.reportStep(Reports.java:81)
at framework.test.ClassicPartyOrder_CA_PartyLite.createPartyOrder(ClassicPartyOrder_CA_PartyLite.java:177)
at java.util.ArrayList.forEach(ArrayList.java:1257)
... Removed 27 stack frames]]>
    </failure>
  </testcase> <!-- createPartyOrder -->
</testsuite> <!-- Test-FullRegression-OutsideOrder-FR -->
