<?xml version="1.0" encoding="UTF-8"?>
<!-- Generated by org.testng.reporters.JUnitXMLReporter -->
<testsuite hostname="Anands-Air.local" ignored="0" name="Test-FullRegression-US" tests="2" failures="0" timestamp="2020-07-30T20:41:05 IST" time="482.085" errors="0">
  <testcase name="createGuestOrder" time="215.377" classname="framework.test.GuestOrder_PartyLite">
    <skipped/>
  </testcase> <!-- createGuestOrder -->
  <testcase name="createGuestOrder" time="209.699" classname="framework.test.GuestOrder_PartyLite"/>
</testsuite> <!-- Test-FullRegression-US -->
