<?xml version="1.0" encoding="UTF-8"?>
<!-- Generated by org.testng.reporters.JUnitXMLReporter -->
<testsuite ignored="0" hostname="DESKTOP-6AFPICQ" failures="0" tests="1" name="Test-FullRegression-OutsideOrder-UK" time="347.621" errors="0" timestamp="2021-08-19T19:02:30 IST">
  <testcase classname="framework.test.GuestOrderUsing_PickupPoint_PartyLite" name="createGuestOrder" time="328.65"/>
</testsuite> <!-- Test-FullRegression-OutsideOrder-UK -->
