<?xml version="1.0" encoding="UTF-8"?>
<!-- Generated by org.testng.reporters.JUnitXMLReporter -->
<testsuite hostname="Anands-Air" ignored="0" name="Test-FullRegression - UK" tests="2" failures="0" timestamp="2020-03-02T17:30:58 IST" time="441.95" errors="0">
  <testcase name="createGuestOrder" time="86.647" classname="framework.test.GuestOrder_PartyLite">
    <skipped/>
  </testcase> <!-- createGuestOrder -->
  <testcase name="createGuestOrder" time="343.924" classname="framework.test.GuestOrder_PartyLite"/>
</testsuite> <!-- Test-FullRegression - UK -->
