<?xml version="1.0" encoding="UTF-8"?>
<!-- Generated by org.testng.reporters.JUnitXMLReporter -->
<testsuite hostname="Anands-Air" ignored="3" name="Test-FullRegression-OutsideOrder" tests="4" failures="1" timestamp="2019-12-23T19:48:15 IST" time="406.116" errors="0">
  <testcase name="create_NewUserAccounts" time="54.536" classname="framework.test.Create_NanoUserAccount_PartyLite"/>
  <testcase name="consultantSendInvitation" time="147.005" classname="framework.test.ClassicSendInvitation_PartyLite"/>
  <testcase name="outsideOrder" time="79.869" classname="framework.test.ClassicOutsideOrder_PartyLite">
    <skipped/>
  </testcase> <!-- outsideOrder -->
  <testcase name="outsideOrder" time="70.633" classname="framework.test.ClassicOutsideOrder_PartyLite">
    <failure type="java.lang.RuntimeException">
      <![CDATA[java.lang.RuntimeException
at framework.utils.Reports.reportStep(Reports.java:71)
at framework.utils.Reports.reportStep(Reports.java:81)
at framework.test.ClassicOutsideOrder_PartyLite.outsideOrder(ClassicOutsideOrder_PartyLite.java:105)
at java.util.ArrayList.forEach(ArrayList.java:1257)
... Removed 27 stack frames]]>
    </failure>
  </testcase> <!-- outsideOrder -->
  <testcase name="@BeforeSuite beforeSuite" time="0.0" classname="framework.appInit.Class_initEcomPrac">
    <ignored/>
  </testcase> <!-- @BeforeSuite beforeSuite -->
  <testcase name="@BeforeTest populatePropCountry" time="0.0" classname="framework.appInit.Class_initEcomPrac">
    <ignored/>
  </testcase> <!-- @BeforeTest populatePropCountry -->
  <testcase name="@AfterSuite afterSuite" time="0.0" classname="framework.appInit.Class_initEcomPrac">
    <ignored/>
  </testcase> <!-- @AfterSuite afterSuite -->
</testsuite> <!-- Test-FullRegression-OutsideOrder -->
