<?xml version="1.0" encoding="UTF-8"?>
<!-- Generated by org.testng.reporters.JUnitXMLReporter -->
<testsuite hostname="Anands-Air.local" ignored="0" name="Test-FullRegression-SE" tests="8" failures="0" timestamp="2020-07-24T17:00:27 IST" time="203.498" errors="0">
  <testcase name="createGuestOrder" time="223.715" classname="framework.test.GuestOrder_PartyLite"/>
  <testcase name="createGuestOrder" time="238.646" classname="framework.test.GuestOrder_PartyLite"/>
  <testcase name="createGuestOrder" time="244.415" classname="framework.test.GuestOrder_PartyLite"/>
  <testcase name="createGuestOrder" time="192.946" classname="framework.test.GuestOrder_PartyLite"/>
  <testcase name="createGuestOrder" time="180.393" classname="framework.test.GuestOrder_PartyLite"/>
  <testcase name="createGuestOrder" time="216.803" classname="framework.test.GuestOrder_PartyLite"/>
  <testcase name="createGuestOrder" time="202.137" classname="framework.test.GuestOrder_PartyLite"/>
  <testcase name="createGuestOrder" time="188.051" classname="framework.test.GuestOrder_PartyLite"/>
</testsuite> <!-- Test-FullRegression-SE -->
