<?xml version="1.0" encoding="UTF-8"?>
<!-- Generated by org.testng.reporters.JUnitXMLReporter -->
<testsuite hostname="Anands-Air" ignored="0" name="Test-FullRegression - FR" tests="2" failures="0" timestamp="2020-02-20T15:47:58 IST" time="1.648" errors="0">
  <testcase name="createPartyContacts" time="0.0" classname="framework.test.CreatePartyContacts_PartyLite">
    <skipped/>
  </testcase> <!-- createPartyContacts -->
  <testcase name="createPartyContacts" time="0.0" classname="framework.test.CreatePartyContacts_PartyLite">
    <skipped/>
  </testcase> <!-- createPartyContacts -->
</testsuite> <!-- Test-FullRegression - FR -->
