<?xml version="1.0" encoding="UTF-8"?>
<!-- Generated by org.testng.reporters.JUnitXMLReporter -->
<testsuite hostname="Anands-Air.local" ignored="0" name="Test-FullRegression-UK" tests="1" failures="0" timestamp="2020-07-23T20:55:57 IST" time="327.117" errors="0">
  <testcase name="create_NewUserAccounts" time="295.605" classname="framework.test.NewCustomerOrder_PartyLite"/>
</testsuite> <!-- Test-FullRegression-UK -->
