<?xml version="1.0" encoding="UTF-8"?>
<!-- Generated by org.testng.reporters.JUnitXMLReporter -->
<testsuite hostname="Anands-Air" ignored="0" name="Test-FullRegression - DE" tests="2" failures="0" timestamp="2020-01-24T16:55:59 IST" time="194.492" errors="0">
  <testcase name="createGuestOrder" time="206.275" classname="framework.test.GuestOrder_PartyLite"/>
  <testcase name="createGuestOrder" time="179.435" classname="framework.test.GuestOrder_PartyLite"/>
</testsuite> <!-- Test-FullRegression - DE -->
