<?xml version="1.0" encoding="UTF-8"?>
<!-- Generated by org.testng.reporters.JUnitXMLReporter -->
<testsuite hostname="Lap14462" ignored="0" name="Test-FullRegression-OutsideOrder-AT" tests="1" failures="0" timestamp="2021-09-03T18:13:58 IST" time="281.73" errors="0">
  <testcase name="createGuestOrder" time="275.258" classname="framework.test.GuestOrder_PartyLite"/>
</testsuite> <!-- Test-FullRegression-OutsideOrder-AT -->
