<?xml version="1.0" encoding="UTF-8"?>
<!-- Generated by org.testng.reporters.JUnitXMLReporter -->
<testsuite hostname="Anands-Air.local" ignored="0" name="Test-FullRegression-FR" tests="4" failures="0" timestamp="2020-07-24T16:56:37 IST" time="209.618" errors="0">
  <testcase name="createGuestOrder" time="223.715" classname="framework.test.GuestOrder_PartyLite"/>
  <testcase name="createGuestOrder" time="238.646" classname="framework.test.GuestOrder_PartyLite"/>
  <testcase name="createGuestOrder" time="244.415" classname="framework.test.GuestOrder_PartyLite"/>
  <testcase name="createGuestOrder" time="192.946" classname="framework.test.GuestOrder_PartyLite"/>
</testsuite> <!-- Test-FullRegression-FR -->
