<?xml version="1.0" encoding="UTF-8"?>
<!-- Generated by org.testng.reporters.JUnitXMLReporter -->
<testsuite hostname="Anands-Air.local" ignored="0" name="Test-FullRegression-DE" tests="1" failures="0" timestamp="2020-07-24T16:57:29 IST" time="230.997" errors="0">
  <testcase name="createGuestOrder" time="216.803" classname="framework.test.GuestOrder_PartyLite"/>
</testsuite> <!-- Test-FullRegression-DE -->
