<?xml version="1.0" encoding="UTF-8"?>
<!-- Generated by org.testng.reporters.JUnitReportReporter -->
<testsuite skipped="0" hostname="Lap14462" name="framework.test.GuestOrder_PartyLite" tests="1" failures="0" timestamp="2021-09-03T18:13:58 IST" time="281.049" errors="0">
  <testcase name="createGuestOrder" time="281.049" classname="framework.test.GuestOrder_PartyLite"/>
</testsuite> <!-- framework.test.GuestOrder_PartyLite -->
