<?xml version="1.0" encoding="UTF-8"?>
<!-- Generated by org.testng.reporters.JUnitReportReporter -->
<testsuite hostname="LAPTOP-SHCSQ2DI" name="framework.test.LoggedInCustomerOrder_PartyLite_Smoke_TC8" tests="1" failures="0" timestamp="1 Feb 2022 08:36:53 GMT" time="292.320" errors="0">
  <testcase name="loggedInCustomerOrder" time="292.320" classname="framework.test.LoggedInCustomerOrder_PartyLite_Smoke_TC8"/>
</testsuite> <!-- framework.test.LoggedInCustomerOrder_PartyLite_Smoke_TC8 -->
