<?xml version="1.0" encoding="UTF-8"?>
<!-- Generated by org.testng.reporters.JUnitReportReporter -->
<testsuite hostname="LAPTOP-SHCSQ2DI" name="framework.test.OnlineEnrollment_CA_Regression_TC16" tests="1" failures="0" timestamp="25 Jan 2022 17:40:50 GMT" time="334.001" errors="0">
  <testcase name="createGuestOrder" time="334.001" classname="framework.test.OnlineEnrollment_CA_Regression_TC16"/>
</testsuite> <!-- framework.test.OnlineEnrollment_CA_Regression_TC16 -->
