<?xml version="1.0" encoding="UTF-8"?>
<!-- Generated by org.testng.reporters.JUnitReportReporter -->
<testsuite hostname="LAPTOP-SHCSQ2DI" name="framework.test.GuestOrder_PartyLite_AT_Smoke_TC11" tests="1" failures="0" timestamp="1 Feb 2022 07:39:22 GMT" time="543.549" errors="0">
  <testcase name="createGuestOrder" time="543.549" classname="framework.test.GuestOrder_PartyLite_AT_Smoke_TC11"/>
</testsuite> <!-- framework.test.GuestOrder_PartyLite_AT_Smoke_TC11 -->
