<?xml version="1.0" encoding="UTF-8"?>
<!-- Generated by org.testng.reporters.JUnitReportReporter -->
<testsuite hostname="DESKTOP-6AFPICQ" failures="0" tests="1" name="framework.test.GuestOrderUsing_PickupPoint_PartyLite" time="345.606" errors="0" timestamp="2021-08-19T19:02:31 IST" skipped="0">
  <testcase classname="framework.test.GuestOrderUsing_PickupPoint_PartyLite" name="createGuestOrder" time="345.606"/>
</testsuite> <!-- framework.test.GuestOrderUsing_PickupPoint_PartyLite -->
