<?xml version="1.0" encoding="UTF-8"?>
<!-- Generated by org.testng.reporters.JUnitReportReporter -->
<testsuite skipped="0" hostname="Shashwat" name="framework.test.GuestOrder_PartyLite_CAEN_Smoke_TC3" tests="1" failures="0" timestamp="2021-09-25T00:41:07 IST" time="201.536" errors="0">
  <testcase name="createGuestOrder" time="201.536" classname="framework.test.GuestOrder_PartyLite_CAEN_Smoke_TC3"/>
</testsuite> <!-- framework.test.GuestOrder_PartyLite_CAEN_Smoke_TC3 -->
