<?xml version="1.0" encoding="UTF-8"?>
<!-- Generated by org.testng.reporters.JUnitReportReporter -->
<testsuite skipped="0" hostname="Shashwat" name="framework.test.GuestOrder_PartyLite_AT_Smoke_TC11" tests="1" failures="0" timestamp="2021-10-01T18:18:59 IST" time="251.054" errors="0">
  <testcase name="createGuestOrder" time="251.054" classname="framework.test.GuestOrder_PartyLite_AT_Smoke_TC11"/>
</testsuite> <!-- framework.test.GuestOrder_PartyLite_AT_Smoke_TC11 -->
