<?xml version="1.0" encoding="UTF-8"?>
<!-- Generated by org.testng.reporters.JUnitReportReporter -->
<testsuite hostname="DESKTOP-6AFPICQ" failures="0" tests="1" name="framework.test.OnlineEnrollment_AU_PartyLite" time="371.224" errors="0" timestamp="2021-08-18T17:52:33 IST" skipped="0">
  <testcase classname="framework.test.OnlineEnrollment_AU_PartyLite" name="createGuestOrder" time="371.224"/>
</testsuite> <!-- framework.test.OnlineEnrollment_AU_PartyLite -->
