<?xml version="1.0" encoding="UTF-8"?>
<!-- Generated by org.testng.reporters.JUnitReportReporter -->
<testsuite hostname="DESKTOP-6AFPICQ" failures="0" tests="1" name="framework.test.GuestOrder_PartyLiteEU" time="356.883" errors="0" timestamp="2021-08-19T12:36:51 IST" skipped="0">
  <testcase classname="framework.test.GuestOrder_PartyLiteEU" name="createGuestOrder" time="356.883"/>
</testsuite> <!-- framework.test.GuestOrder_PartyLiteEU -->
