<?xml version="1.0" encoding="UTF-8"?>
<!-- Generated by org.testng.reporters.JUnitReportReporter -->
<testsuite hostname="LAPTOP-SHCSQ2DI" name="framework.test.GuestOrder_GCS_FRPWS_Regression_TC22" tests="1" failures="0" timestamp="4 Feb 2022 10:01:21 GMT" time="334.204" errors="0">
  <testcase name="guestOrderApplyGC" time="334.204" classname="framework.test.GuestOrder_GCS_FRPWS_Regression_TC22"/>
</testsuite> <!-- framework.test.GuestOrder_GCS_FRPWS_Regression_TC22 -->
