<?xml version="1.0" encoding="UTF-8"?>
<!-- Generated by org.testng.reporters.JUnitReportReporter -->
<testsuite hostname="LAPTOP-SHCSQ2DI" name="framework.test.LoggedInCustomer_MultipleGC_PayPal_Regression_TC13" tests="1" failures="0" timestamp="18 Jan 2022 07:02:52 GMT" time="0.504" errors="1">
  <testcase name="loggedInCustomerOrder" time="0.504" classname="framework.test.LoggedInCustomer_MultipleGC_PayPal_Regression_TC13">
    <error type="org.testng.internal.reflect.MethodMatcherException" message="
Data provider mismatch
Method: loggedInCustomerOrder([Parameter{index=0, type=java.lang.String, declaredAnnotations=[]}, Parameter{index=1, type=java.lang.String, declaredAnnotations=[]}, Parameter{index=2, type=java.lang.String, declaredAnnotations=[]}, Parameter{index=3, type=java.lang.String, declaredAnnotations=[]}, Parameter{index=4, type=java.lang.String, declaredAnnotations=[]}, Parameter{index=5, type=java.lang.String, declaredAnnotations=[]}, Parameter{index=6, type=java.lang.String, declaredAnnotations=[]}, Parameter{index=7, type=java.lang.String, declaredAnnotations=[]}, Parameter{index=8, type=java.lang.String, declaredAnnotations=[]}, Parameter{index=9, type=java.lang.String, declaredAnnotations=[]}, Parameter{index=10, type=java.lang.String, declaredAnnotations=[]}, Parameter{index=11, type=java.lang.String, declaredAnnotations=[]}, Parameter{index=12, type=java.lang.String, declaredAnnotations=[]}, Parameter{index=13, type=java.lang.String, declaredAnnotations=[]}, Parameter{index=14, type=java.lang.String, declaredAnnotations=[]}, Parameter{index=15, type=java.lang.String, declaredAnnotations=[]}, Parameter{index=16, type=java.lang.String, declaredAnnotations=[]}, Parameter{index=17, type=java.lang.String, declaredAnnotations=[]}])
Arguments: [(java.lang.String)kbrand@partylite.com,(java.lang.String)1sqa@work!,(java.lang.String)MY ACCOUNT,(java.lang.String)G73C29,(java.lang.String)5,(java.lang.String)P91151,(java.lang.String)2.0,(java.lang.String)GC-15,(java.lang.String)1.0,(java.lang.String)13844831,(java.lang.String)1225342,(java.lang.String)15 Skylark Avenue,(java.lang.String)BD13 2RP,(java.lang.String)Clayton Heights,(java.lang.String)07995 567991,(java.lang.String)16 Cambridge Road,(java.lang.String)SK8 4AE,(java.lang.String)CHEADLE,(java.lang.String)07995 567991,(java.lang.String)PayPal]">
      <![CDATA[org.testng.internal.reflect.MethodMatcherException: 
Data provider mismatch
Method: loggedInCustomerOrder([Parameter{index=0, type=java.lang.String, declaredAnnotations=[]}, Parameter{index=1, type=java.lang.String, declaredAnnotations=[]}, Parameter{index=2, type=java.lang.String, declaredAnnotations=[]}, Parameter{index=3, type=java.lang.String, declaredAnnotations=[]}, Parameter{index=4, type=java.lang.String, declaredAnnotations=[]}, Parameter{index=5, type=java.lang.String, declaredAnnotations=[]}, Parameter{index=6, type=java.lang.String, declaredAnnotations=[]}, Parameter{index=7, type=java.lang.String, declaredAnnotations=[]}, Parameter{index=8, type=java.lang.String, declaredAnnotations=[]}, Parameter{index=9, type=java.lang.String, declaredAnnotations=[]}, Parameter{index=10, type=java.lang.String, declaredAnnotations=[]}, Parameter{index=11, type=java.lang.String, declaredAnnotations=[]}, Parameter{index=12, type=java.lang.String, declaredAnnotations=[]}, Parameter{index=13, type=java.lang.String, declaredAnnotations=[]}, Parameter{index=14, type=java.lang.String, declaredAnnotations=[]}, Parameter{index=15, type=java.lang.String, declaredAnnotations=[]}, Parameter{index=16, type=java.lang.String, declaredAnnotations=[]}, Parameter{index=17, type=java.lang.String, declaredAnnotations=[]}])
Arguments: [(java.lang.String)kbrand@partylite.com,(java.lang.String)1sqa@work!,(java.lang.String)MY ACCOUNT,(java.lang.String)G73C29,(java.lang.String)5,(java.lang.String)P91151,(java.lang.String)2.0,(java.lang.String)GC-15,(java.lang.String)1.0,(java.lang.String)13844831,(java.lang.String)1225342,(java.lang.String)15 Skylark Avenue,(java.lang.String)BD13 2RP,(java.lang.String)Clayton Heights,(java.lang.String)07995 567991,(java.lang.String)16 Cambridge Road,(java.lang.String)SK8 4AE,(java.lang.String)CHEADLE,(java.lang.String)07995 567991,(java.lang.String)PayPal]
	at org.testng.internal.reflect.DataProviderMethodMatcher.getConformingArguments(DataProviderMethodMatcher.java:52)
	at org.testng.internal.Invoker.injectParameters(Invoker.java:1225)
	at org.testng.internal.Invoker.invokeTestMethods(Invoker.java:1123)
	at org.testng.internal.TestMethodWorker.invokeTestMethods(TestMethodWorker.java:129)
	at org.testng.internal.TestMethodWorker.run(TestMethodWorker.java:112)
	at org.testng.TestRunner.privateRun(TestRunner.java:746)
	at org.testng.TestRunner.run(TestRunner.java:600)
	at org.testng.SuiteRunner.runTest(SuiteRunner.java:366)
	at org.testng.SuiteRunner.access$000(SuiteRunner.java:39)
	at org.testng.SuiteRunner$SuiteWorker.run(SuiteRunner.java:400)
	at org.testng.internal.thread.ThreadUtil$2.call(ThreadUtil.java:64)
	at java.util.concurrent.FutureTask.run(Unknown Source)
	at java.util.concurrent.ThreadPoolExecutor.runWorker(Unknown Source)
	at java.util.concurrent.ThreadPoolExecutor$Worker.run(Unknown Source)
	at java.lang.Thread.run(Unknown Source)
]]>
    </error>
  </testcase> <!-- loggedInCustomerOrder -->
</testsuite> <!-- framework.test.LoggedInCustomer_MultipleGC_PayPal_Regression_TC13 -->
