<?xml version="1.0" encoding="UTF-8"?>
<!-- Generated by org.testng.reporters.JUnitReportReporter -->
<testsuite hostname="LAPTOP-SHCSQ2DI" name="framework.test.GuestOrder_Coupon_CAFR_RegressionTC5" tests="1" failures="0" timestamp="10 Jan 2022 08:03:39 GMT" time="427.340" errors="0">
  <testcase name="createGuestOrderLT" time="427.340" classname="framework.test.GuestOrder_Coupon_CAFR_RegressionTC5"/>
</testsuite> <!-- framework.test.GuestOrder_Coupon_CAFR_RegressionTC5 -->
