<?xml version="1.0" encoding="UTF-8"?>
<!-- Generated by org.testng.reporters.JUnitReportReporter -->
<testsuite hostname="LAPTOP-SHCSQ2DI" name="framework.test.LoggedInCustomerOrder_PartyLite_CHFR_Smoke_TC12" tests="1" failures="0" timestamp="1 Feb 2022 07:39:22 GMT" time="585.212" errors="0">
  <testcase name="loggedInCustomerOrder" time="585.212" classname="framework.test.LoggedInCustomerOrder_PartyLite_CHFR_Smoke_TC12"/>
</testsuite> <!-- framework.test.LoggedInCustomerOrder_PartyLite_CHFR_Smoke_TC12 -->
