<?xml version="1.0" encoding="UTF-8"?>
<!-- Generated by org.testng.reporters.JUnitReportReporter -->
<testsuite hostname="LAPTOP-SHCSQ2DI" name="framework.test.LoggedInCustomer_CA_RedeemAward_RegressionTC8" tests="1" failures="0" timestamp="12 Jan 2022 08:12:17 GMT" time="264.569" errors="0">
  <testcase name="guestOrderApplyGC" time="264.569" classname="framework.test.LoggedInCustomer_CA_RedeemAward_RegressionTC8"/>
</testsuite> <!-- framework.test.LoggedInCustomer_CA_RedeemAward_RegressionTC8 -->
