<?xml version="1.0" encoding="UTF-8"?>
<!-- Generated by org.testng.reporters.JUnitReportReporter -->
<testsuite hostname="LAPTOP-SHCSQ2DI" name="framework.test.OnlineEnrollment_US_Smoke_TC1" tests="1" failures="0" timestamp="1 Feb 2022 08:26:12 GMT" time="279.349" errors="0">
  <testcase name="createGuestOrder" time="279.349" classname="framework.test.OnlineEnrollment_US_Smoke_TC1"/>
</testsuite> <!-- framework.test.OnlineEnrollment_US_Smoke_TC1 -->
