<?xml version="1.0" encoding="UTF-8"?>
<!-- Generated by org.testng.reporters.JUnitReportReporter -->
<testsuite hostname="DESKTOP-6AFPICQ" failures="0" tests="1" name="framework.test.GuestOrder_Discount_Detail_PartyLite" time="104.533" errors="0" timestamp="2021-08-19T10:27:07 IST" skipped="0">
  <testcase classname="framework.test.GuestOrder_Discount_Detail_PartyLite" name="createGuestOrderDD" time="104.533"/>
</testsuite> <!-- framework.test.GuestOrder_Discount_Detail_PartyLite -->
