<?xml version="1.0" encoding="UTF-8"?>
<!-- Generated by org.testng.reporters.JUnitReportReporter -->
<testsuite hostname="LAPTOP-SHCSQ2DI" name="framework.test.GuestOrderApply_Coupon_GC_RegressionTC11" tests="1" failures="0" timestamp="18 Jan 2022 07:55:43 GMT" time="288.891" errors="0">
  <testcase name="guestOrderApplyGC" time="288.891" classname="framework.test.GuestOrderApply_Coupon_GC_RegressionTC11"/>
</testsuite> <!-- framework.test.GuestOrderApply_Coupon_GC_RegressionTC11 -->
