<?xml version="1.0" encoding="UTF-8"?>
<!-- Generated by org.testng.reporters.JUnitReportReporter -->
<testsuite hostname="DESKTOP-6AFPICQ" failures="0" tests="1" name="framework.test.GuestOrder_Paypal_PartyLite" time="313.739" errors="0" timestamp="2021-08-19T10:35:15 IST" skipped="0">
  <testcase classname="framework.test.GuestOrder_Paypal_PartyLite" name="createGuestOrder" time="313.739"/>
</testsuite> <!-- framework.test.GuestOrder_Paypal_PartyLite -->
