<?xml version="1.0" encoding="UTF-8"?>
<!-- Generated by org.testng.reporters.JUnitReportReporter -->
<testsuite hostname="LAPTOP-SHCSQ2DI" name="framework.test.GuestOrder_SaleItem_AU_RegressionTC9" tests="1" failures="0" timestamp="2 Feb 2022 07:25:32 GMT" time="244.645" errors="0">
  <testcase name="guestOrderApplyGC" time="244.645" classname="framework.test.GuestOrder_SaleItem_AU_RegressionTC9"/>
</testsuite> <!-- framework.test.GuestOrder_SaleItem_AU_RegressionTC9 -->
