<?xml version="1.0" encoding="UTF-8"?>
<!-- Generated by org.testng.reporters.JUnitReportReporter -->
<testsuite hostname="DESKTOP-6AFPICQ" failures="0" tests="1" name="framework.test.NewCustomerOrder_PartyLiteEU" time="399.610" errors="0" timestamp="2021-08-19T13:41:06 IST" skipped="0">
  <testcase classname="framework.test.NewCustomerOrder_PartyLiteEU" name="create_NewUserAccounts" time="399.610"/>
</testsuite> <!-- framework.test.NewCustomerOrder_PartyLiteEU -->
