<?xml version="1.0" encoding="UTF-8"?>
<!-- Generated by org.testng.reporters.JUnitReportReporter -->
<testsuite skipped="0" hostname="Lap14462" name="framework.test.GuestOrderViaCategory_PartyLiteEU" tests="1" failures="0" timestamp="2021-08-27T17:33:18 IST" time="260.001" errors="0">
  <testcase name="createGuestOrder" time="260.001" classname="framework.test.GuestOrderViaCategory_PartyLiteEU"/>
</testsuite> <!-- framework.test.GuestOrderViaCategory_PartyLiteEU -->
