<?xml version="1.0" encoding="UTF-8"?>
<!-- Generated by org.testng.reporters.JUnitReportReporter -->
<testsuite skipped="2" hostname="Shashwat" name="framework.test.LoggedInCustomerOrder_PartyLite_Smoke_TC8" tests="3" failures="0" timestamp="2021-09-30T01:54:18 IST" time="685.119" errors="0">
  <testcase name="loggedInCustomerOrder" time="139.208" classname="framework.test.LoggedInCustomerOrder_PartyLite_Smoke_TC8">
    <skipped/>
  </testcase> <!-- loggedInCustomerOrder -->
  <testcase name="loggedInCustomerOrder" time="236.034" classname="framework.test.LoggedInCustomerOrder_PartyLite_Smoke_TC8">
    <skipped/>
  </testcase> <!-- loggedInCustomerOrder -->
  <testcase name="loggedInCustomerOrder" time="309.877" classname="framework.test.LoggedInCustomerOrder_PartyLite_Smoke_TC8"/>
</testsuite> <!-- framework.test.LoggedInCustomerOrder_PartyLite_Smoke_TC8 -->
