<?xml version="1.0" encoding="UTF-8"?>
<!-- Generated by org.testng.reporters.JUnitReportReporter -->
<testsuite hostname="LAPTOP-SHCSQ2DI" name="framework.test.OnlineEnrollment_CAFR_Smoke_TC4" tests="1" failures="0" timestamp="1 Feb 2022 08:26:12 GMT" time="329.589" errors="0">
  <testcase name="createOnlineEnrollementCAFR" time="329.589" classname="framework.test.OnlineEnrollment_CAFR_Smoke_TC4"/>
</testsuite> <!-- framework.test.OnlineEnrollment_CAFR_Smoke_TC4 -->
