<?xml version="1.0" encoding="UTF-8"?>
<!-- Generated by org.testng.reporters.JUnitReportReporter -->
<testsuite hostname="DESKTOP-6AFPICQ" failures="0" tests="1" name="framework.test.OnlineEnrollment_CA_PartyLite" time="282.281" errors="0" timestamp="2021-06-22T16:17:59 IST" skipped="0">
  <testcase classname="framework.test.OnlineEnrollment_CA_PartyLite" name="createGuestOrder" time="282.281"/>
</testsuite> <!-- framework.test.OnlineEnrollment_CA_PartyLite -->
