<?xml version="1.0" encoding="UTF-8"?>
<!-- Generated by org.testng.reporters.JUnitReportReporter -->
<testsuite hostname="LAPTOP-SHCSQ2DI" name="framework.test.OnlineEnrollment_UK_Smoke_TC9" tests="1" failures="0" timestamp="1 Feb 2022 08:36:53 GMT" time="220.558" errors="0">
  <testcase name="createGuestOrder" time="220.558" classname="framework.test.OnlineEnrollment_UK_Smoke_TC9"/>
</testsuite> <!-- framework.test.OnlineEnrollment_UK_Smoke_TC9 -->
