<?xml version="1.0" encoding="UTF-8"?>
<!-- Generated by org.testng.reporters.JUnitReportReporter -->
<testsuite hostname="DESKTOP-6AFPICQ" failures="0" tests="1" name="framework.test.NewCustomerOrder_PartyLite" time="328.267" errors="0" timestamp="2021-06-13T21:33:18 IST" skipped="0">
  <testcase classname="framework.test.NewCustomerOrder_PartyLite" name="create_NewUserAccounts" time="328.267"/>
</testsuite> <!-- framework.test.NewCustomerOrder_PartyLite -->
