<?xml version="1.0" encoding="UTF-8"?>
<!-- Generated by org.testng.reporters.JUnitReportReporter -->
<testsuite hostname="LAPTOP-SHCSQ2DI" name="framework.test.LoggedInCustomerOrder_PartyLite_Smoke_TC2" tests="1" failures="0" timestamp="1 Feb 2022 08:26:12 GMT" time="291.372" errors="0">
  <testcase name="loggedInCustomerOrder" time="291.372" classname="framework.test.LoggedInCustomerOrder_PartyLite_Smoke_TC2"/>
</testsuite> <!-- framework.test.LoggedInCustomerOrder_PartyLite_Smoke_TC2 -->
