<?xml version="1.0" encoding="UTF-8"?>
<!-- Generated by org.testng.reporters.JUnitReportReporter -->
<testsuite skipped="1" hostname="Shashwat" name="framework.test.GuestOrder_PartyLite_CAEN_Smoke_TC3" tests="2" failures="0" timestamp="2021-10-22T19:58:28 IST" time="407.296" errors="0">
  <testcase name="createGuestOrder" time="202.968" classname="framework.test.GuestOrder_PartyLite_CAEN_Smoke_TC3"/>
  <testcase name="createGuestOrder" time="204.328" classname="framework.test.GuestOrder_PartyLite_CAEN_Smoke_TC3">
    <skipped/>
  </testcase> <!-- createGuestOrder -->
</testsuite> <!-- framework.test.GuestOrder_PartyLite_CAEN_Smoke_TC3 -->
