<?xml version="1.0" encoding="UTF-8"?>
<!-- Generated by org.testng.reporters.JUnitReportReporter -->
<testsuite hostname="LAPTOP-SHCSQ2DI" name="framework.test.OnlineFreeEnrollment_AU_Smoke_TC5" tests="1" failures="0" timestamp="1 Feb 2022 08:36:53 GMT" time="189.347" errors="0">
  <testcase name="createGuestOrder" time="189.347" classname="framework.test.OnlineFreeEnrollment_AU_Smoke_TC5"/>
</testsuite> <!-- framework.test.OnlineFreeEnrollment_AU_Smoke_TC5 -->
