<?xml version="1.0" encoding="UTF-8"?>
<!-- Generated by org.testng.reporters.JUnitReportReporter -->
<testsuite hostname="DESKTOP-6AFPICQ" failures="0" tests="1" name="framework.test.OnlineEnrollment_UK_PartyLite" time="290.042" errors="0" timestamp="2021-08-18T17:38:04 IST" skipped="0">
  <testcase classname="framework.test.OnlineEnrollment_UK_PartyLite" name="createGuestOrder" time="290.042"/>
</testsuite> <!-- framework.test.OnlineEnrollment_UK_PartyLite -->
