<?xml version="1.0" encoding="UTF-8"?>
<!-- Generated by org.testng.reporters.JUnitReportReporter -->
<testsuite hostname="LAPTOP-SHCSQ2DI" name="framework.test.GuestOrder_PartyLite_CAEN_Smoke_TC3" tests="1" failures="0" timestamp="1 Feb 2022 08:26:12 GMT" time="322.080" errors="0">
  <testcase name="createGuestOrder" time="322.080" classname="framework.test.GuestOrder_PartyLite_CAEN_Smoke_TC3"/>
</testsuite> <!-- framework.test.GuestOrder_PartyLite_CAEN_Smoke_TC3 -->
