<?xml version="1.0" encoding="UTF-8"?>
<!-- Generated by org.testng.reporters.JUnitReportReporter -->
<testsuite skipped="0" hostname="Shashwat" name="framework.test.LoggedInCustomerOrder_PartyLite_Smoke_TC8" tests="1" failures="0" timestamp="2021-10-21T20:45:07 IST" time="338.982" errors="0">
  <testcase name="loggedInCustomerOrder" time="338.982" classname="framework.test.LoggedInCustomerOrder_PartyLite_Smoke_TC8"/>
</testsuite> <!-- framework.test.LoggedInCustomerOrder_PartyLite_Smoke_TC8 -->
