<?xml version="1.0" encoding="UTF-8"?>
<!-- Generated by org.testng.reporters.JUnitReportReporter -->
<testsuite hostname="LAPTOP-SHCSQ2DI" name="framework.test.GuestOrderApplyGC_RegressionTC3" tests="1" failures="0" timestamp="10 Jan 2022 07:48:37 GMT" time="326.283" errors="0">
  <testcase name="guestOrderApplyGC" time="326.283" classname="framework.test.GuestOrderApplyGC_RegressionTC3"/>
</testsuite> <!-- framework.test.GuestOrderApplyGC_RegressionTC3 -->
