<?xml version="1.0" encoding="UTF-8"?>
<!-- Generated by org.testng.reporters.JUnitReportReporter -->
<testsuite hostname="DESKTOP-6AFPICQ" failures="0" tests="1" name="framework.test.Create_NewRealUserAccount_PartyLite" time="0.000" errors="0" timestamp="2021-08-19T09:54:54 IST" skipped="1">
  <testcase classname="framework.test.Create_NewRealUserAccount_PartyLite" name="create_NewUserAccounts" time="0.000">
    <skipped/>
  </testcase> <!-- create_NewUserAccounts -->
</testsuite> <!-- framework.test.Create_NewRealUserAccount_PartyLite -->
