<?xml version="1.0" encoding="UTF-8"?>
<!-- Generated by org.testng.reporters.JUnitReportReporter -->
<testsuite hostname="LAPTOP-SHCSQ2DI" name="framework.test.GuestOrder_CreateAccount_AT_Regression_TC25" tests="1" failures="0" timestamp="27 Dec 2021 14:08:03 GMT" time="389.995" errors="0">
  <testcase name="loggedInCustomerOrder" time="389.995" classname="framework.test.GuestOrder_CreateAccount_AT_Regression_TC25"/>
</testsuite> <!-- framework.test.GuestOrder_CreateAccount_AT_Regression_TC25 -->
