<?xml version="1.0" encoding="UTF-8"?>
<!-- Generated by org.testng.reporters.JUnitReportReporter -->
<testsuite hostname="DESKTOP-6AFPICQ" failures="0" tests="1" name="framework.test.Create_NanoUserAccount_PartyLite" time="125.906" errors="0" timestamp="2021-08-19T13:50:08 IST" skipped="0">
  <testcase classname="framework.test.Create_NanoUserAccount_PartyLite" name="create_NewUserAccounts" time="125.906"/>
</testsuite> <!-- framework.test.Create_NanoUserAccount_PartyLite -->
