<?xml version="1.0" encoding="UTF-8"?>
<!-- Generated by org.testng.reporters.JUnitReportReporter -->
<testsuite skipped="0" hostname="Anands-Air" name="framework.test.ProductSearch_Add_PL" tests="1" failures="0" timestamp="2020-07-10T12:07:49 IST" time="73.713" errors="0">
  <testcase name="productSearchAdd" time="73.713" classname="framework.test.ProductSearch_Add_PL"/>
</testsuite> <!-- framework.test.ProductSearch_Add_PL -->
