<?xml version="1.0" encoding="UTF-8"?>
<!-- Generated by org.testng.reporters.JUnitReportReporter -->
<testsuite skipped="0" hostname="Shashwat" name="framework.test.GuestOrder_PartyLite_CAEN_Smoke_TC3" tests="1" failures="0" timestamp="2021-10-06T16:05:52 IST" time="232.026" errors="0">
  <testcase name="createGuestOrder" time="232.026" classname="framework.test.GuestOrder_PartyLite_CAEN_Smoke_TC3"/>
</testsuite> <!-- framework.test.GuestOrder_PartyLite_CAEN_Smoke_TC3 -->
