<?xml version="1.0" encoding="UTF-8"?>
<!-- Generated by org.testng.reporters.JUnitReportReporter -->
<testsuite hostname="LAPTOP-SHCSQ2DI" name="framework.test.GuestOrder_PartyLite_AU_Smoke_TC6" tests="1" failures="0" timestamp="1 Feb 2022 08:36:53 GMT" time="211.920" errors="0">
  <testcase name="createGuestOrder" time="211.920" classname="framework.test.GuestOrder_PartyLite_AU_Smoke_TC6"/>
</testsuite> <!-- framework.test.GuestOrder_PartyLite_AU_Smoke_TC6 -->
