<?xml version="1.0" encoding="UTF-8"?>
<!-- Generated by org.testng.reporters.JUnitReportReporter -->
<testsuite skipped="0" hostname="Shashwat" name="framework.test.GuestOrderViaCategory_PartyLite" tests="1" failures="0" timestamp="2021-09-08T20:24:38 IST" time="410.927" errors="0">
  <testcase name="createGuestOrder" time="410.927" classname="framework.test.GuestOrderViaCategory_PartyLite"/>
</testsuite> <!-- framework.test.GuestOrderViaCategory_PartyLite -->
